<?xml version="1.0" encoding="UTF-8"?>
<robot generator="Robot 5.0.1 (Python 3.10.6 on win32)" generated="20231002 14:26:26.677" rpa="false" schemaversion="3">
<suite id="s1" name="Test" source="c:\Users\Entronica\Desktop\Ex_Appium\TestSuite\Test.robot">
<test id="s1-t1" name="Verify menu Navigation Bar" line="19">
<kw name="Open YouTube App" library="commonKeyword">
<kw name="Open Application" library="AppiumLibrary">
<arg>remote_url=http://localhost:4723/wd/hub</arg>
<arg>platformName=${PLATFORM_NAME}</arg>
<arg>platformVersion=${PLATFORM_VERSION}</arg>
<arg>deviceName=${DEVICE_NAME}</arg>
<arg>appPackage=${APP_PACKAGE}</arg>
<arg>appActivity=${APP_ACTIVITY}</arg>
<arg>automationName=${automationName}</arg>
<arg>noReset=true</arg>
<arg>unicodeKeyboard=true</arg>
<arg>newCommandTimeout=5000</arg>
<doc>Opens a new application to given Appium server.
Capabilities of appium server, Android and iOS,
Please check https://github.com/appium/appium/blob/master/docs/en/writing-running-appium/server-args.md
| *Option*            | *Man.* | *Description*     |
| remote_url          | Yes    | Appium server url |
| alias               | no     | alias             |
| strict_ssl          | No     | allows you to send commands to an invalid certificate host like a self-signed one. |</doc>
<status status="PASS" starttime="20231002 14:26:26.916" endtime="20231002 14:26:40.131"/>
</kw>
<status status="PASS" starttime="20231002 14:26:26.915" endtime="20231002 14:26:40.132"/>
</kw>
<kw name="Wait Until Page Contains Element" library="AppiumLibrary">
<arg>xpath=//android.widget.ImageView[@content-desc="Search"]</arg>
<doc>Waits until element specified with `locator` appears on current page.</doc>
<msg timestamp="20231002 14:26:43.145" level="INFO">xpath criteria: //android.widget.ImageView[@content-desc="Search"]</msg>
<status status="PASS" starttime="20231002 14:26:40.133" endtime="20231002 14:26:43.148"/>
</kw>
<kw name="Wait Until Page Contains Element" library="AppiumLibrary">
<arg>xpath=//android.widget.Button[@content-desc="Home"]</arg>
<doc>Waits until element specified with `locator` appears on current page.</doc>
<msg timestamp="20231002 14:26:44.389" level="INFO">xpath criteria: //android.widget.Button[@content-desc="Home"]</msg>
<status status="PASS" starttime="20231002 14:26:43.149" endtime="20231002 14:26:44.390"/>
</kw>
<for flavor="IN RANGE">
<var>${i}</var>
<value>0</value>
<value>4</value>
<iter>
<var name="${i}">0</var>
<kw name="Wait Until Page Contains Element" library="AppiumLibrary">
<arg>xpath=//*[@resource-id='com.google.android.youtube:id/pivot_bar']/*/*[@index='${i}']</arg>
<doc>Waits until element specified with `locator` appears on current page.</doc>
<msg timestamp="20231002 14:26:44.506" level="INFO">xpath criteria: //*[@resource-id='com.google.android.youtube:id/pivot_bar']/*/*[@index='0']</msg>
<status status="PASS" starttime="20231002 14:26:44.393" endtime="20231002 14:26:44.507"/>
</kw>
<kw name="Get Text" library="AppiumLibrary">
<var>${txt_menu}</var>
<arg>xpath=//*[@resource-id='com.google.android.youtube:id/pivot_bar']/*/*[@index='${i}']/*[@resource-id='com.google.android.youtube:id/text']</arg>
<doc>Get element text (for hybrid and mobile browser use `xpath` locator, others might cause problem)</doc>
<msg timestamp="20231002 14:26:44.682" level="INFO">Element 'xpath=//*[@resource-id='com.google.android.youtube:id/pivot_bar']/*/*[@index='0']/*[@resource-id='com.google.android.youtube:id/text']' text is 'Home' </msg>
<msg timestamp="20231002 14:26:44.682" level="INFO">xpath criteria: //*[@resource-id='com.google.android.youtube:id/pivot_bar']/*/*[@index='0']/*[@resource-id='com.google.android.youtube:id/text']</msg>
<msg timestamp="20231002 14:26:44.682" level="INFO">${txt_menu} = Home</msg>
<status status="PASS" starttime="20231002 14:26:44.507" endtime="20231002 14:26:44.683"/>
</kw>
<kw name="Should Be Equal As Strings" library="BuiltIn">
<arg>${txt_menu}</arg>
<arg>${input_data[${i}]}</arg>
<doc>Fails if objects are unequal after converting them to strings.</doc>
<status status="PASS" starttime="20231002 14:26:44.683" endtime="20231002 14:26:44.684"/>
</kw>
<status status="PASS" starttime="20231002 14:26:44.392" endtime="20231002 14:26:44.684"/>
</iter>
<iter>
<var name="${i}">1</var>
<kw name="Wait Until Page Contains Element" library="AppiumLibrary">
<arg>xpath=//*[@resource-id='com.google.android.youtube:id/pivot_bar']/*/*[@index='${i}']</arg>
<doc>Waits until element specified with `locator` appears on current page.</doc>
<msg timestamp="20231002 14:26:44.878" level="INFO">xpath criteria: //*[@resource-id='com.google.android.youtube:id/pivot_bar']/*/*[@index='1']</msg>
<status status="PASS" starttime="20231002 14:26:44.685" endtime="20231002 14:26:44.879"/>
</kw>
<kw name="Get Text" library="AppiumLibrary">
<var>${txt_menu}</var>
<arg>xpath=//*[@resource-id='com.google.android.youtube:id/pivot_bar']/*/*[@index='${i}']/*[@resource-id='com.google.android.youtube:id/text']</arg>
<doc>Get element text (for hybrid and mobile browser use `xpath` locator, others might cause problem)</doc>
<msg timestamp="20231002 14:26:45.486" level="INFO">Element 'xpath=//*[@resource-id='com.google.android.youtube:id/pivot_bar']/*/*[@index='1']/*[@resource-id='com.google.android.youtube:id/text']' text is 'Shorts' </msg>
<msg timestamp="20231002 14:26:45.487" level="INFO">xpath criteria: //*[@resource-id='com.google.android.youtube:id/pivot_bar']/*/*[@index='1']/*[@resource-id='com.google.android.youtube:id/text']</msg>
<msg timestamp="20231002 14:26:45.487" level="INFO">${txt_menu} = Shorts</msg>
<status status="PASS" starttime="20231002 14:26:44.879" endtime="20231002 14:26:45.487"/>
</kw>
<kw name="Should Be Equal As Strings" library="BuiltIn">
<arg>${txt_menu}</arg>
<arg>${input_data[${i}]}</arg>
<doc>Fails if objects are unequal after converting them to strings.</doc>
<status status="PASS" starttime="20231002 14:26:45.488" endtime="20231002 14:26:45.491"/>
</kw>
<status status="PASS" starttime="20231002 14:26:44.685" endtime="20231002 14:26:45.491"/>
</iter>
<iter>
<var name="${i}">2</var>
<kw name="Wait Until Page Contains Element" library="AppiumLibrary">
<arg>xpath=//*[@resource-id='com.google.android.youtube:id/pivot_bar']/*/*[@index='${i}']</arg>
<doc>Waits until element specified with `locator` appears on current page.</doc>
<msg timestamp="20231002 14:26:45.596" level="INFO">xpath criteria: //*[@resource-id='com.google.android.youtube:id/pivot_bar']/*/*[@index='2']</msg>
<status status="PASS" starttime="20231002 14:26:45.491" endtime="20231002 14:26:45.597"/>
</kw>
<kw name="Get Text" library="AppiumLibrary">
<var>${txt_menu}</var>
<arg>xpath=//*[@resource-id='com.google.android.youtube:id/pivot_bar']/*/*[@index='${i}']/*[@resource-id='com.google.android.youtube:id/text']</arg>
<doc>Get element text (for hybrid and mobile browser use `xpath` locator, others might cause problem)</doc>
<msg timestamp="20231002 14:26:45.783" level="INFO">Element 'xpath=//*[@resource-id='com.google.android.youtube:id/pivot_bar']/*/*[@index='2']/*[@resource-id='com.google.android.youtube:id/text']' text is 'Subscriptions' </msg>
<msg timestamp="20231002 14:26:45.784" level="INFO">xpath criteria: //*[@resource-id='com.google.android.youtube:id/pivot_bar']/*/*[@index='2']/*[@resource-id='com.google.android.youtube:id/text']</msg>
<msg timestamp="20231002 14:26:45.784" level="INFO">${txt_menu} = Subscriptions</msg>
<status status="PASS" starttime="20231002 14:26:45.597" endtime="20231002 14:26:45.785"/>
</kw>
<kw name="Should Be Equal As Strings" library="BuiltIn">
<arg>${txt_menu}</arg>
<arg>${input_data[${i}]}</arg>
<doc>Fails if objects are unequal after converting them to strings.</doc>
<status status="PASS" starttime="20231002 14:26:45.785" endtime="20231002 14:26:45.789"/>
</kw>
<status status="PASS" starttime="20231002 14:26:45.491" endtime="20231002 14:26:45.790"/>
</iter>
<iter>
<var name="${i}">3</var>
<kw name="Wait Until Page Contains Element" library="AppiumLibrary">
<arg>xpath=//*[@resource-id='com.google.android.youtube:id/pivot_bar']/*/*[@index='${i}']</arg>
<doc>Waits until element specified with `locator` appears on current page.</doc>
<msg timestamp="20231002 14:26:45.881" level="INFO">xpath criteria: //*[@resource-id='com.google.android.youtube:id/pivot_bar']/*/*[@index='3']</msg>
<status status="PASS" starttime="20231002 14:26:45.790" endtime="20231002 14:26:45.881"/>
</kw>
<kw name="Get Text" library="AppiumLibrary">
<var>${txt_menu}</var>
<arg>xpath=//*[@resource-id='com.google.android.youtube:id/pivot_bar']/*/*[@index='${i}']/*[@resource-id='com.google.android.youtube:id/text']</arg>
<doc>Get element text (for hybrid and mobile browser use `xpath` locator, others might cause problem)</doc>
<msg timestamp="20231002 14:26:46.019" level="INFO">Element 'xpath=//*[@resource-id='com.google.android.youtube:id/pivot_bar']/*/*[@index='3']/*[@resource-id='com.google.android.youtube:id/text']' text is 'Library' </msg>
<msg timestamp="20231002 14:26:46.019" level="INFO">xpath criteria: //*[@resource-id='com.google.android.youtube:id/pivot_bar']/*/*[@index='3']/*[@resource-id='com.google.android.youtube:id/text']</msg>
<msg timestamp="20231002 14:26:46.020" level="INFO">${txt_menu} = Library</msg>
<status status="PASS" starttime="20231002 14:26:45.882" endtime="20231002 14:26:46.020"/>
</kw>
<kw name="Should Be Equal As Strings" library="BuiltIn">
<arg>${txt_menu}</arg>
<arg>${input_data[${i}]}</arg>
<doc>Fails if objects are unequal after converting them to strings.</doc>
<status status="PASS" starttime="20231002 14:26:46.020" endtime="20231002 14:26:46.023"/>
</kw>
<status status="PASS" starttime="20231002 14:26:45.790" endtime="20231002 14:26:46.023"/>
</iter>
<status status="PASS" starttime="20231002 14:26:44.390" endtime="20231002 14:26:46.023"/>
</for>
<status status="PASS" starttime="20231002 14:26:26.914" endtime="20231002 14:26:46.024"/>
</test>
<doc>Simple example using AppiumLibrary</doc>
<status status="PASS" starttime="20231002 14:26:26.683" endtime="20231002 14:26:46.026"/>
</suite>
<statistics>
<total>
<stat pass="1" fail="0" skip="0">All Tests</stat>
</total>
<tag>
</tag>
<suite>
<stat pass="1" fail="0" skip="0" id="s1" name="Test">Test</stat>
</suite>
</statistics>
<errors>
</errors>
</robot>
