<?xml version="1.0" encoding="UTF-8"?>
<robot generator="Robot 5.0.1 (Python 3.10.6 on win32)" generated="20230929 11:50:06.516" rpa="false" schemaversion="3">
<suite id="s1" name="Test" source="C:\Users\Entronica\Desktop\Ex_Appium\TestSuite\Test.robot">
<test id="s1-t1" name="Open YouTube App" line="19">
<kw name="Open Application" library="AppiumLibrary">
<arg>remote_url=http://localhost:4723/wd/hub</arg>
<arg>platformName=${PLATFORM_NAME}</arg>
<arg>platformVersion=${PLATFORM_VERSION}</arg>
<arg>deviceName=${DEVICE_NAME}</arg>
<arg>appPackage=${APP_PACKAGE}</arg>
<arg>appActivity=${APP_ACTIVITY}</arg>
<arg>automationName=${automationName}</arg>
<arg>noReset=true</arg>
<arg>unicodeKeyboard=true</arg>
<arg>newCommandTimeout=5000</arg>
<doc>Opens a new application to given Appium server.
Capabilities of appium server, Android and iOS,
Please check https://github.com/appium/appium/blob/master/docs/en/writing-running-appium/server-args.md
| *Option*            | *Man.* | *Description*     |
| remote_url          | Yes    | Appium server url |
| alias               | no     | alias             |
| strict_ssl          | No     | allows you to send commands to an invalid certificate host like a self-signed one. |</doc>
<status status="PASS" starttime="20230929 11:50:06.965" endtime="20230929 11:50:23.679"/>
</kw>
<status status="PASS" starttime="20230929 11:50:06.965" endtime="20230929 11:50:23.679"/>
</test>
<doc>Simple example using AppiumLibrary</doc>
<status status="PASS" starttime="20230929 11:50:06.518" endtime="20230929 11:50:23.680"/>
</suite>
<statistics>
<total>
<stat pass="1" fail="0" skip="0">All Tests</stat>
</total>
<tag>
</tag>
<suite>
<stat pass="1" fail="0" skip="0" id="s1" name="Test">Test</stat>
</suite>
</statistics>
<errors>
</errors>
</robot>
